/bin/sh: scrapy: command not found
/bin/sh: scrapy: command not found
/bin/sh: scrapy: command not found
2020-02-27 14:57:17 [scrapy.utils.log] INFO: Scrapy 1.8.0 started (bot: newspider)
2020-02-27 14:57:17 [scrapy.utils.log] INFO: Versions: lxml 4.5.0.0, libxml2 2.9.10, cssselect 1.1.0, parsel 1.5.2, w3lib 1.21.0, Twisted 19.10.0, Python 3.6.2 (default, Feb 27 2020, 11:30:39) - [GCC 4.8.5 20150623 (Red Hat 4.8.5-39)], pyOpenSSL 19.1.0 (OpenSSL 1.1.1d  10 Sep 2019), cryptography 2.8, Platform Linux-3.10.0-1062.9.1.el7.x86_64-x86_64-with-centos-7.6.1810-Core
2020-02-27 14:57:17 [scrapy.crawler] INFO: Overridden settings: {'BOT_NAME': 'newspider', 'LOG_LEVEL': 'INFO', 'LOG_STDOUT': True, 'NEWSPIDER_MODULE': 'newspider.spiders', 'SPIDER_MODULES': ['newspider.spiders'], 'USER_AGENT': 'Mozilla/5.0 (X11; CrOS i686 2268.111.0) AppleWebKit/536.11 (KHTML, like Gecko) Chrome/20.0.1132.57 Safari/536.11'}
2020-02-27 14:57:17 [scrapy.extensions.telnet] INFO: Telnet Password: 47d057d3fbc82285
2020-02-27 14:57:17 [scrapy.middleware] INFO: Enabled extensions:
['scrapy.extensions.corestats.CoreStats',
 'scrapy.extensions.telnet.TelnetConsole',
 'scrapy.extensions.memusage.MemoryUsage',
 'scrapy.extensions.logstats.LogStats']
2020-02-27 14:57:17 [scrapy.middleware] INFO: Enabled downloader middlewares:
['scrapy.downloadermiddlewares.httpauth.HttpAuthMiddleware',
 'scrapy.downloadermiddlewares.downloadtimeout.DownloadTimeoutMiddleware',
 'scrapy.downloadermiddlewares.defaultheaders.DefaultHeadersMiddleware',
 'scrapy.downloadermiddlewares.useragent.UserAgentMiddleware',
 'scrapy.downloadermiddlewares.retry.RetryMiddleware',
 'scrapy.downloadermiddlewares.redirect.MetaRefreshMiddleware',
 'scrapy.downloadermiddlewares.httpcompression.HttpCompressionMiddleware',
 'scrapy.downloadermiddlewares.redirect.RedirectMiddleware',
 'scrapy.downloadermiddlewares.cookies.CookiesMiddleware',
 'scrapy.downloadermiddlewares.httpproxy.HttpProxyMiddleware',
 'scrapy.downloadermiddlewares.stats.DownloaderStats']
2020-02-27 14:57:17 [scrapy.middleware] INFO: Enabled spider middlewares:
['scrapy.spidermiddlewares.httperror.HttpErrorMiddleware',
 'scrapy.spidermiddlewares.offsite.OffsiteMiddleware',
 'newspider.middlewares.NewspiderSpiderMiddleware',
 'scrapy.spidermiddlewares.referer.RefererMiddleware',
 'scrapy.spidermiddlewares.urllength.UrlLengthMiddleware',
 'scrapy.spidermiddlewares.depth.DepthMiddleware']
2020-02-27 14:57:17 [scrapy.middleware] INFO: Enabled item pipelines:
['newspider.pipelines.ArticleContentLenPipeline',
 'newspider.pipelines.DuplicatesPipeline',
 'newspider.pipelines.ArticleContentHtmlPipeline',
 'newspider.pipelines.MongoPipeline',
 'newspider.pipelines.FifoPipeline']
2020-02-27 14:57:17 [scrapy.core.engine] INFO: Spider opened
2020-02-27 14:57:17 [root] INFO: open mongo client!
2020-02-27 14:57:17 [scrapy.extensions.logstats] INFO: Crawled 0 pages (at 0 pages/min), scraped 0 items (at 0 items/min)
2020-02-27 14:57:17 [first_huxiu] INFO: Spider opened: first_huxiu
2020-02-27 14:57:17 [scrapy.extensions.telnet] INFO: Telnet console listening on 127.0.0.1:6023
2020-02-27 14:57:17 [stdout] INFO: Mozilla/5.0 (Windows NT 6.1) AppleWebKit/536.3 (KHTML, like Gecko) Chrome/19.0.1061.1 Safari/536.3
2020-02-27 14:57:17 [root] INFO: first_scrapy fetch page: https://article-api.huxiu.com/web/article/articleList
2020-02-27 14:57:17 [root] ERROR: article is not free: https://m.huxiu.com/article/341539.html
2020-02-27 14:57:18 [root] INFO: scrapy fetch page: https://www.huxiu.com/article/341693.html
2020-02-27 14:57:18 [root] INFO: checked article lenth. url is :
https://www.huxiu.com/article/341693.html
2020-02-27 14:57:18 [root] INFO: checked item isn't duplication: 
https://www.huxiu.com/article/341693.html
2020-02-27 14:57:18 [root] INFO: format content of article. url is :
https://www.huxiu.com/article/341693.html
2020-02-27 14:57:18 [root] INFO: saved item to mongo: https://www.huxiu.com/article/341693.html
2020-02-27 14:57:18 [root] INFO: serialize object to json string. url : 
https://www.huxiu.com/article/341693.html
2020-02-27 14:57:18 [root] INFO: send to pipe. url : 
https://www.huxiu.com/article/341693.html
2020-02-27 14:57:18 [root] INFO: scrapy fetch page: https://www.huxiu.com/article/341703.html
2020-02-27 14:57:18 [root] INFO: checked article lenth. url is :
https://www.huxiu.com/article/341703.html
2020-02-27 14:57:18 [root] INFO: checked item isn't duplication: 
https://www.huxiu.com/article/341703.html
2020-02-27 14:57:18 [root] INFO: format content of article. url is :
https://www.huxiu.com/article/341703.html
2020-02-27 14:57:18 [root] INFO: saved item to mongo: https://www.huxiu.com/article/341703.html
2020-02-27 14:57:18 [root] INFO: serialize object to json string. url : 
https://www.huxiu.com/article/341703.html
2020-02-27 14:57:28 [root] INFO: send to pipe. url : 
https://www.huxiu.com/article/341703.html
2020-02-27 14:57:28 [root] INFO: scrapy fetch page: https://www.huxiu.com/article/341691.html
2020-02-27 14:57:28 [root] INFO: checked article lenth. url is :
https://www.huxiu.com/article/341691.html
2020-02-27 14:57:28 [root] INFO: checked item isn't duplication: 
https://www.huxiu.com/article/341691.html
2020-02-27 14:57:28 [root] INFO: format content of article. url is :
https://www.huxiu.com/article/341691.html
2020-02-27 14:57:28 [root] INFO: saved item to mongo: https://www.huxiu.com/article/341691.html
2020-02-27 14:57:28 [root] INFO: serialize object to json string. url : 
https://www.huxiu.com/article/341691.html
2020-02-27 14:57:42 [root] INFO: send to pipe. url : 
https://www.huxiu.com/article/341691.html
2020-02-27 14:57:42 [root] INFO: scrapy fetch page: https://www.huxiu.com/article/341682.html
2020-02-27 14:57:42 [root] INFO: checked article lenth. url is :
https://www.huxiu.com/article/341682.html
2020-02-27 14:57:42 [root] INFO: checked item isn't duplication: 
https://www.huxiu.com/article/341682.html
2020-02-27 14:57:42 [root] INFO: format content of article. url is :
https://www.huxiu.com/article/341682.html
2020-02-27 14:57:42 [root] INFO: saved item to mongo: https://www.huxiu.com/article/341682.html
2020-02-27 14:57:42 [root] INFO: serialize object to json string. url : 
https://www.huxiu.com/article/341682.html
2020-02-27 14:58:06 [root] INFO: send to pipe. url : 
https://www.huxiu.com/article/341682.html
2020-02-27 14:58:06 [root] INFO: scrapy fetch page: https://www.huxiu.com/article/341696.html
2020-02-27 14:58:06 [root] INFO: checked article lenth. url is :
https://www.huxiu.com/article/341696.html
2020-02-27 14:58:06 [root] INFO: checked item isn't duplication: 
https://www.huxiu.com/article/341696.html
2020-02-27 14:58:06 [root] INFO: format content of article. url is :
https://www.huxiu.com/article/341696.html
2020-02-27 14:58:06 [root] INFO: saved item to mongo: https://www.huxiu.com/article/341696.html
2020-02-27 14:58:06 [root] INFO: serialize object to json string. url : 
https://www.huxiu.com/article/341696.html
2020-02-27 14:58:45 [root] INFO: send to pipe. url : 
https://www.huxiu.com/article/341696.html
2020-02-27 14:58:45 [root] INFO: scrapy fetch page: https://www.huxiu.com/article/341706.html
2020-02-27 14:58:45 [root] INFO: checked article lenth. url is :
https://www.huxiu.com/article/341706.html
2020-02-27 14:58:45 [root] INFO: checked item isn't duplication: 
https://www.huxiu.com/article/341706.html
2020-02-27 14:58:45 [root] INFO: format content of article. url is :
https://www.huxiu.com/article/341706.html
2020-02-27 14:58:45 [root] INFO: saved item to mongo: https://www.huxiu.com/article/341706.html
2020-02-27 14:58:45 [root] INFO: serialize object to json string. url : 
https://www.huxiu.com/article/341706.html
2020-02-27 14:59:02 [root] INFO: send to pipe. url : 
https://www.huxiu.com/article/341706.html
2020-02-27 14:59:02 [scrapy.extensions.logstats] INFO: Crawled 17 pages (at 17 pages/min), scraped 6 items (at 6 items/min)
2020-02-27 14:59:02 [root] INFO: scrapy fetch page: https://www.huxiu.com/article/341701.html
2020-02-27 14:59:02 [root] INFO: checked article lenth. url is :
https://www.huxiu.com/article/341701.html
2020-02-27 14:59:02 [root] INFO: checked item isn't duplication: 
https://www.huxiu.com/article/341701.html
2020-02-27 14:59:02 [root] INFO: format content of article. url is :
https://www.huxiu.com/article/341701.html
2020-02-27 14:59:02 [root] INFO: saved item to mongo: https://www.huxiu.com/article/341701.html
2020-02-27 14:59:02 [root] INFO: serialize object to json string. url : 
https://www.huxiu.com/article/341701.html
2020-02-27 14:59:25 [root] INFO: send to pipe. url : 
https://www.huxiu.com/article/341701.html
2020-02-27 14:59:25 [root] INFO: scrapy fetch page: https://www.huxiu.com/article/341698.html
2020-02-27 14:59:25 [root] INFO: checked article lenth. url is :
https://www.huxiu.com/article/341698.html
2020-02-27 14:59:25 [root] INFO: checked item isn't duplication: 
https://www.huxiu.com/article/341698.html
2020-02-27 14:59:25 [root] INFO: format content of article. url is :
https://www.huxiu.com/article/341698.html
2020-02-27 14:59:25 [root] INFO: saved item to mongo: https://www.huxiu.com/article/341698.html
2020-02-27 14:59:25 [root] INFO: serialize object to json string. url : 
https://www.huxiu.com/article/341698.html
2020-02-27 14:59:39 [root] INFO: send to pipe. url : 
https://www.huxiu.com/article/341698.html
2020-02-27 14:59:39 [root] INFO: scrapy fetch page: https://www.huxiu.com/article/341722.html
2020-02-27 14:59:39 [root] INFO: checked article lenth. url is :
https://www.huxiu.com/article/341722.html
2020-02-27 14:59:39 [root] INFO: checked item isn't duplication: 
https://www.huxiu.com/article/341722.html
2020-02-27 14:59:39 [root] INFO: format content of article. url is :
https://www.huxiu.com/article/341722.html
2020-02-27 14:59:39 [root] INFO: saved item to mongo: https://www.huxiu.com/article/341722.html
2020-02-27 14:59:39 [root] INFO: serialize object to json string. url : 
https://www.huxiu.com/article/341722.html
2020-02-27 15:00:03 [root] INFO: send to pipe. url : 
https://www.huxiu.com/article/341722.html
2020-02-27 15:00:03 [scrapy.extensions.logstats] INFO: Crawled 17 pages (at 0 pages/min), scraped 9 items (at 3 items/min)
2020-02-27 15:00:03 [root] INFO: scrapy fetch page: https://www.huxiu.com/article/341705.html
2020-02-27 15:00:03 [root] INFO: checked article lenth. url is :
https://www.huxiu.com/article/341705.html
2020-02-27 15:00:03 [root] INFO: checked item isn't duplication: 
https://www.huxiu.com/article/341705.html
2020-02-27 15:00:03 [root] INFO: format content of article. url is :
https://www.huxiu.com/article/341705.html
2020-02-27 15:00:03 [root] INFO: saved item to mongo: https://www.huxiu.com/article/341705.html
2020-02-27 15:00:03 [root] INFO: serialize object to json string. url : 
https://www.huxiu.com/article/341705.html
2020-02-27 15:00:33 [root] INFO: send to pipe. url : 
https://www.huxiu.com/article/341705.html
2020-02-27 15:00:33 [root] INFO: scrapy fetch page: https://www.huxiu.com/article/341728.html
2020-02-27 15:00:33 [root] INFO: checked article lenth. url is :
https://www.huxiu.com/article/341728.html
2020-02-27 15:00:33 [root] INFO: checked item isn't duplication: 
https://www.huxiu.com/article/341728.html
2020-02-27 15:00:33 [root] INFO: format content of article. url is :
https://www.huxiu.com/article/341728.html
2020-02-27 15:00:33 [root] INFO: saved item to mongo: https://www.huxiu.com/article/341728.html
2020-02-27 15:00:33 [root] INFO: serialize object to json string. url : 
https://www.huxiu.com/article/341728.html
2020-02-27 15:00:34 [root] INFO: send to pipe. url : 
https://www.huxiu.com/article/341728.html
2020-02-27 15:00:34 [root] INFO: scrapy fetch page: https://www.huxiu.com/article/341719.html
2020-02-27 15:00:34 [root] INFO: checked article lenth. url is :
https://www.huxiu.com/article/341719.html
2020-02-27 15:00:34 [root] INFO: checked item isn't duplication: 
https://www.huxiu.com/article/341719.html
2020-02-27 15:00:34 [root] INFO: format content of article. url is :
https://www.huxiu.com/article/341719.html
2020-02-27 15:00:34 [root] INFO: saved item to mongo: https://www.huxiu.com/article/341719.html
2020-02-27 15:00:34 [root] INFO: serialize object to json string. url : 
https://www.huxiu.com/article/341719.html
2020-02-27 15:00:51 [root] INFO: send to pipe. url : 
https://www.huxiu.com/article/341719.html
2020-02-27 15:00:51 [root] INFO: scrapy fetch page: https://www.huxiu.com/article/341713.html
2020-02-27 15:00:51 [root] INFO: checked article lenth. url is :
https://www.huxiu.com/article/341713.html
2020-02-27 15:00:51 [root] INFO: checked item isn't duplication: 
https://www.huxiu.com/article/341713.html
2020-02-27 15:00:51 [root] INFO: format content of article. url is :
https://www.huxiu.com/article/341713.html
2020-02-27 15:00:51 [root] INFO: saved item to mongo: https://www.huxiu.com/article/341713.html
2020-02-27 15:00:51 [root] INFO: serialize object to json string. url : 
https://www.huxiu.com/article/341713.html
2020-02-27 15:01:13 [root] INFO: send to pipe. url : 
https://www.huxiu.com/article/341713.html
2020-02-27 15:01:13 [root] INFO: scrapy fetch page: https://www.huxiu.com/article/341708.html
2020-02-27 15:01:13 [root] INFO: checked article lenth. url is :
https://www.huxiu.com/article/341708.html
2020-02-27 15:01:13 [root] INFO: checked item isn't duplication: 
https://www.huxiu.com/article/341708.html
2020-02-27 15:01:13 [root] INFO: format content of article. url is :
https://www.huxiu.com/article/341708.html
2020-02-27 15:01:13 [root] INFO: saved item to mongo: https://www.huxiu.com/article/341708.html
2020-02-27 15:01:13 [root] INFO: serialize object to json string. url : 
https://www.huxiu.com/article/341708.html
2020-02-27 15:01:29 [root] INFO: send to pipe. url : 
https://www.huxiu.com/article/341708.html
2020-02-27 15:01:29 [root] INFO: scrapy fetch page: https://www.huxiu.com/article/341714.html
2020-02-27 15:01:29 [root] INFO: checked article lenth. url is :
https://www.huxiu.com/article/341714.html
2020-02-27 15:01:29 [root] INFO: checked item isn't duplication: 
https://www.huxiu.com/article/341714.html
2020-02-27 15:01:30 [root] INFO: format content of article. url is :
https://www.huxiu.com/article/341714.html
2020-02-27 15:01:30 [root] INFO: saved item to mongo: https://www.huxiu.com/article/341714.html
2020-02-27 15:01:30 [root] INFO: serialize object to json string. url : 
https://www.huxiu.com/article/341714.html
2020-02-27 15:01:50 [root] INFO: send to pipe. url : 
https://www.huxiu.com/article/341714.html
2020-02-27 15:01:50 [root] INFO: scrapy fetch page: https://www.huxiu.com/article/341718.html
2020-02-27 15:01:50 [root] INFO: checked article lenth. url is :
https://www.huxiu.com/article/341718.html
2020-02-27 15:01:50 [root] INFO: checked item isn't duplication: 
https://www.huxiu.com/article/341718.html
2020-02-27 15:01:50 [root] INFO: format content of article. url is :
https://www.huxiu.com/article/341718.html
2020-02-27 15:01:50 [root] INFO: saved item to mongo: https://www.huxiu.com/article/341718.html
2020-02-27 15:01:50 [root] INFO: serialize object to json string. url : 
https://www.huxiu.com/article/341718.html
2020-02-27 15:01:53 [root] INFO: send to pipe. url : 
https://www.huxiu.com/article/341718.html
2020-02-27 15:01:53 [scrapy.extensions.logstats] INFO: Crawled 17 pages (at 0 pages/min), scraped 16 items (at 7 items/min)
2020-02-27 15:01:53 [root] INFO: scrapy fetch page: https://www.huxiu.com/article/341752.html
2020-02-27 15:01:53 [root] INFO: checked article lenth. url is :
https://www.huxiu.com/article/341752.html
2020-02-27 15:01:53 [root] INFO: checked item isn't duplication: 
https://www.huxiu.com/article/341752.html
2020-02-27 15:01:53 [root] INFO: format content of article. url is :
https://www.huxiu.com/article/341752.html
2020-02-27 15:01:53 [root] INFO: saved item to mongo: https://www.huxiu.com/article/341752.html
2020-02-27 15:01:53 [root] INFO: serialize object to json string. url : 
https://www.huxiu.com/article/341752.html
2020-02-27 15:02:07 [root] INFO: send to pipe. url : 
https://www.huxiu.com/article/341752.html
2020-02-27 15:02:07 [root] INFO: scrapy fetch page: https://www.huxiu.com/article/341751.html
2020-02-27 15:02:07 [root] INFO: checked article lenth. url is :
https://www.huxiu.com/article/341751.html
2020-02-27 15:02:07 [root] INFO: checked item isn't duplication: 
https://www.huxiu.com/article/341751.html
2020-02-27 15:02:07 [root] INFO: format content of article. url is :
https://www.huxiu.com/article/341751.html
2020-02-27 15:02:07 [root] INFO: saved item to mongo: https://www.huxiu.com/article/341751.html
2020-02-27 15:02:07 [root] INFO: serialize object to json string. url : 
https://www.huxiu.com/article/341751.html
2020-02-27 15:02:20 [root] INFO: send to pipe. url : 
https://www.huxiu.com/article/341751.html
2020-02-27 15:02:20 [scrapy.extensions.logstats] INFO: Crawled 30 pages (at 13 pages/min), scraped 18 items (at 2 items/min)
2020-02-27 15:02:20 [root] INFO: scrapy fetch page: https://www.huxiu.com/article/341686.html
2020-02-27 15:02:20 [root] INFO: checked article lenth. url is :
https://www.huxiu.com/article/341686.html
2020-02-27 15:02:20 [root] INFO: checked item isn't duplication: 
https://www.huxiu.com/article/341686.html
2020-02-27 15:02:20 [root] INFO: format content of article. url is :
https://www.huxiu.com/article/341686.html
2020-02-27 15:02:20 [root] INFO: saved item to mongo: https://www.huxiu.com/article/341686.html
2020-02-27 15:02:20 [root] INFO: serialize object to json string. url : 
https://www.huxiu.com/article/341686.html
2020-02-27 15:02:33 [root] INFO: send to pipe. url : 
https://www.huxiu.com/article/341686.html
2020-02-27 15:02:33 [root] INFO: scrapy fetch page: https://www.huxiu.com/article/341756.html
2020-02-27 15:02:33 [root] INFO: checked article lenth. url is :
https://www.huxiu.com/article/341756.html
2020-02-27 15:02:33 [root] INFO: checked item isn't duplication: 
https://www.huxiu.com/article/341756.html
2020-02-27 15:02:33 [root] INFO: format content of article. url is :
https://www.huxiu.com/article/341756.html
2020-02-27 15:02:33 [root] INFO: saved item to mongo: https://www.huxiu.com/article/341756.html
2020-02-27 15:02:33 [root] INFO: serialize object to json string. url : 
https://www.huxiu.com/article/341756.html
2020-02-27 15:02:46 [root] INFO: send to pipe. url : 
https://www.huxiu.com/article/341756.html
2020-02-27 15:02:46 [root] INFO: scrapy fetch page: https://www.huxiu.com/article/341737.html
2020-02-27 15:02:46 [root] INFO: checked article lenth. url is :
https://www.huxiu.com/article/341737.html
2020-02-27 15:02:46 [root] INFO: checked item isn't duplication: 
https://www.huxiu.com/article/341737.html
2020-02-27 15:02:46 [root] INFO: format content of article. url is :
https://www.huxiu.com/article/341737.html
2020-02-27 15:02:46 [root] INFO: saved item to mongo: https://www.huxiu.com/article/341737.html
2020-02-27 15:02:46 [root] INFO: serialize object to json string. url : 
https://www.huxiu.com/article/341737.html
2020-02-27 15:03:16 [root] INFO: send to pipe. url : 
https://www.huxiu.com/article/341737.html
2020-02-27 15:03:16 [root] INFO: scrapy fetch page: https://www.huxiu.com/article/341754.html
2020-02-27 15:03:16 [root] INFO: checked article lenth. url is :
https://www.huxiu.com/article/341754.html
2020-02-27 15:03:16 [root] INFO: checked item isn't duplication: 
https://www.huxiu.com/article/341754.html
2020-02-27 15:03:16 [root] INFO: format content of article. url is :
https://www.huxiu.com/article/341754.html
2020-02-27 15:03:16 [root] INFO: saved item to mongo: https://www.huxiu.com/article/341754.html
2020-02-27 15:03:16 [root] INFO: serialize object to json string. url : 
https://www.huxiu.com/article/341754.html
2020-02-27 15:03:31 [root] INFO: send to pipe. url : 
https://www.huxiu.com/article/341754.html
2020-02-27 15:03:31 [root] INFO: scrapy fetch page: https://www.huxiu.com/article/341755.html
2020-02-27 15:03:31 [root] INFO: checked article lenth. url is :
https://www.huxiu.com/article/341755.html
2020-02-27 15:03:32 [root] INFO: checked item isn't duplication: 
https://www.huxiu.com/article/341755.html
2020-02-27 15:03:32 [root] INFO: format content of article. url is :
https://www.huxiu.com/article/341755.html
2020-02-27 15:03:32 [root] INFO: saved item to mongo: https://www.huxiu.com/article/341755.html
2020-02-27 15:03:32 [root] INFO: serialize object to json string. url : 
https://www.huxiu.com/article/341755.html
2020-02-27 15:03:47 [root] INFO: send to pipe. url : 
https://www.huxiu.com/article/341755.html
2020-02-27 15:03:47 [root] INFO: scrapy fetch page: https://www.huxiu.com/article/341700.html
2020-02-27 15:03:47 [root] INFO: checked article lenth. url is :
https://www.huxiu.com/article/341700.html
2020-02-27 15:03:47 [root] INFO: checked item isn't duplication: 
https://www.huxiu.com/article/341700.html
2020-02-27 15:03:47 [root] INFO: format content of article. url is :
https://www.huxiu.com/article/341700.html
2020-02-27 15:03:47 [root] INFO: saved item to mongo: https://www.huxiu.com/article/341700.html
2020-02-27 15:03:47 [root] INFO: serialize object to json string. url : 
https://www.huxiu.com/article/341700.html
2020-02-27 15:04:11 [root] INFO: send to pipe. url : 
https://www.huxiu.com/article/341700.html
2020-02-27 15:04:11 [root] INFO: scrapy fetch page: https://www.huxiu.com/article/341688.html
2020-02-27 15:04:11 [root] INFO: checked article lenth. url is :
https://www.huxiu.com/article/341688.html
2020-02-27 15:04:11 [root] INFO: checked item isn't duplication: 
https://www.huxiu.com/article/341688.html
2020-02-27 15:04:11 [root] INFO: format content of article. url is :
https://www.huxiu.com/article/341688.html
2020-02-27 15:04:11 [root] INFO: saved item to mongo: https://www.huxiu.com/article/341688.html
2020-02-27 15:04:11 [root] INFO: serialize object to json string. url : 
https://www.huxiu.com/article/341688.html
2020-02-27 15:04:14 [root] INFO: send to pipe. url : 
https://www.huxiu.com/article/341688.html
2020-02-27 15:04:14 [scrapy.extensions.logstats] INFO: Crawled 30 pages (at 0 pages/min), scraped 25 items (at 7 items/min)
2020-02-27 15:04:14 [root] INFO: scrapy fetch page: https://www.huxiu.com/article/341712.html
2020-02-27 15:04:14 [root] INFO: checked article lenth. url is :
https://www.huxiu.com/article/341712.html
2020-02-27 15:04:14 [root] INFO: checked item isn't duplication: 
https://www.huxiu.com/article/341712.html
2020-02-27 15:04:14 [root] INFO: format content of article. url is :
https://www.huxiu.com/article/341712.html
2020-02-27 15:04:14 [root] INFO: saved item to mongo: https://www.huxiu.com/article/341712.html
2020-02-27 15:04:14 [root] INFO: serialize object to json string. url : 
https://www.huxiu.com/article/341712.html
2020-02-27 15:04:37 [root] INFO: send to pipe. url : 
https://www.huxiu.com/article/341712.html
2020-02-27 15:04:37 [root] INFO: scrapy fetch page: https://www.huxiu.com/article/341726.html
2020-02-27 15:04:37 [root] INFO: checked article lenth. url is :
https://www.huxiu.com/article/341726.html
2020-02-27 15:04:37 [root] INFO: checked item isn't duplication: 
https://www.huxiu.com/article/341726.html
2020-02-27 15:04:37 [root] INFO: format content of article. url is :
https://www.huxiu.com/article/341726.html
2020-02-27 15:04:37 [root] INFO: saved item to mongo: https://www.huxiu.com/article/341726.html
2020-02-27 15:04:37 [root] INFO: serialize object to json string. url : 
https://www.huxiu.com/article/341726.html
2020-02-27 15:05:01 [root] INFO: send to pipe. url : 
https://www.huxiu.com/article/341726.html
2020-02-27 15:05:01 [root] INFO: scrapy fetch page: https://www.huxiu.com/article/341736.html
2020-02-27 15:05:01 [root] INFO: checked article lenth. url is :
https://www.huxiu.com/article/341736.html
2020-02-27 15:05:01 [root] INFO: checked item isn't duplication: 
https://www.huxiu.com/article/341736.html
2020-02-27 15:05:01 [root] INFO: format content of article. url is :
https://www.huxiu.com/article/341736.html
2020-02-27 15:05:01 [root] INFO: saved item to mongo: https://www.huxiu.com/article/341736.html
2020-02-27 15:05:01 [root] INFO: serialize object to json string. url : 
https://www.huxiu.com/article/341736.html
2020-02-27 15:05:05 [root] INFO: send to pipe. url : 
https://www.huxiu.com/article/341736.html
2020-02-27 15:05:05 [root] INFO: scrapy fetch page: https://www.huxiu.com/article/341689.html
2020-02-27 15:05:05 [root] INFO: checked article lenth. url is :
https://www.huxiu.com/article/341689.html
2020-02-27 15:05:05 [root] INFO: checked item isn't duplication: 
https://www.huxiu.com/article/341689.html
2020-02-27 15:05:05 [root] INFO: format content of article. url is :
https://www.huxiu.com/article/341689.html
2020-02-27 15:05:05 [root] INFO: saved item to mongo: https://www.huxiu.com/article/341689.html
2020-02-27 15:05:05 [root] INFO: serialize object to json string. url : 
https://www.huxiu.com/article/341689.html
2020-02-27 15:05:16 [root] INFO: send to pipe. url : 
https://www.huxiu.com/article/341689.html
2020-02-27 15:05:16 [scrapy.extensions.logstats] INFO: Crawled 30 pages (at 0 pages/min), scraped 29 items (at 4 items/min)
2020-02-27 15:05:16 [scrapy.core.engine] INFO: Closing spider (finished)
2020-02-27 15:05:16 [root] INFO: close mongo client!
2020-02-27 15:05:16 [scrapy.statscollectors] INFO: Dumping Scrapy stats:
{'downloader/exception_count': 8,
 'downloader/exception_type_count/twisted.web._newclient.ResponseNeverReceived': 8,
 'downloader/request_bytes': 17456,
 'downloader/request_count': 38,
 'downloader/request_method_count/GET': 37,
 'downloader/request_method_count/POST': 1,
 'downloader/response_bytes': 517996,
 'downloader/response_count': 30,
 'downloader/response_status_count/200': 30,
 'elapsed_time_seconds': 479.34049,
 'finish_reason': 'finished',
 'finish_time': datetime.datetime(2020, 2, 27, 7, 5, 16, 847286),
 'item_scraped_count': 29,
 'log_count/ERROR': 1,
 'log_count/INFO': 224,
 'memusage/max': 63987712,
 'memusage/startup': 48926720,
 'request_depth_max': 1,
 'response_received_count': 30,
 'retry/count': 8,
 'retry/reason_count/twisted.web._newclient.ResponseNeverReceived': 8,
 'scheduler/dequeued': 38,
 'scheduler/dequeued/memory': 38,
 'scheduler/enqueued': 38,
 'scheduler/enqueued/memory': 38,
 'start_time': datetime.datetime(2020, 2, 27, 6, 57, 17, 506796)}
2020-02-27 15:05:16 [scrapy.core.engine] INFO: Spider closed (finished)
